<?xml version="1.0" encoding="UTF-8"?>
<testsuites>
  <testsuite name="Base_test" file="/var/www/3dhangman/application/tests/controllers/Base_test.php" tests="1" assertions="1" failures="0" errors="0" time="0.092413">
    <testcase name="test_noJs" class="Base_test" file="/var/www/3dhangman/application/tests/controllers/Base_test.php" line="5" assertions="1" time="0.092413"/>
  </testsuite>
</testsuites>
